16:41:51.474 [main] INFO  c.a.logback.LogbackApplication - Starting LogbackApplication on chenshijiang with PID 11780 (D:\java\notes\springnotes\source\log\logback\target\classes started by admin in D:\java\notes\springnotes\source\log)
16:41:51.477 [main] INFO  c.a.logback.LogbackApplication - No active profile set, falling back to default profiles: default
16:41:52.357 [main] INFO  o.s.b.w.e.tomcat.TomcatWebServer - Tomcat initialized with port(s): 8888 (http)
16:41:52.367 [main] INFO  o.a.coyote.http11.Http11NioProtocol - Initializing ProtocolHandler ["http-nio-8888"]
16:41:52.376 [main] INFO  o.a.catalina.core.StandardService - Starting service [Tomcat]
16:41:52.376 [main] INFO  o.a.catalina.core.StandardEngine - Starting Servlet engine: [Apache Tomcat/9.0.22]
16:41:52.382 [main] INFO  o.a.c.core.AprLifecycleListener - An older version [1.2.18] of the APR based Apache Tomcat Native library is installed, while Tomcat recommends a minimum version of [1.2.23]
16:41:52.382 [main] INFO  o.a.c.core.AprLifecycleListener - Loaded APR based Apache Tomcat Native library [1.2.18] using APR version [1.6.5].
16:41:52.382 [main] INFO  o.a.c.core.AprLifecycleListener - APR capabilities: IPv6 [true], sendfile [true], accept filters [false], random [true].
16:41:52.382 [main] INFO  o.a.c.core.AprLifecycleListener - APR/OpenSSL configuration: useAprConnector [false], useOpenSSL [true]
16:41:52.385 [main] INFO  o.a.c.core.AprLifecycleListener - OpenSSL successfully initialized [OpenSSL 1.1.1  11 Sep 2018]
16:41:52.471 [main] INFO  o.a.c.c.C.[Tomcat].[localhost].[/] - Initializing Spring embedded WebApplicationContext
16:41:52.663 [main] INFO  o.s.s.c.ThreadPoolTaskExecutor - Initializing ExecutorService 'applicationTaskExecutor'
16:41:52.781 [main] INFO  o.a.coyote.http11.Http11NioProtocol - Starting ProtocolHandler ["http-nio-8888"]
16:41:52.800 [main] INFO  o.s.b.w.e.tomcat.TomcatWebServer - Tomcat started on port(s): 8888 (http) with context path ''
16:41:52.803 [main] INFO  c.a.logback.LogbackApplication - Started LogbackApplication in 1.773 seconds (JVM running for 2.81)
16:42:00.643 [http-nio-8888-exec-1] INFO  o.a.c.c.C.[Tomcat].[localhost].[/] - Initializing Spring DispatcherServlet 'dispatcherServlet'
16:42:00.678 [http-nio-8888-exec-1] WARN  cn.andyoung.logback.controller.Log - warn 级别的日志
16:42:00.678 [http-nio-8888-exec-1] WARN  cn.andyoung.logback.controller.Log - warn 级别的日志
16:42:00.678 [http-nio-8888-exec-1] ERROR cn.andyoung.logback.controller.Log - error 级别的日志
16:42:00.678 [http-nio-8888-exec-1] ERROR cn.andyoung.logback.controller.Log - error 级别的日志
16:42:01.766 [http-nio-8888-exec-2] WARN  cn.andyoung.logback.controller.Log - warn 级别的日志
16:42:01.766 [http-nio-8888-exec-2] WARN  cn.andyoung.logback.controller.Log - warn 级别的日志
16:42:01.767 [http-nio-8888-exec-2] ERROR cn.andyoung.logback.controller.Log - error 级别的日志
16:42:01.767 [http-nio-8888-exec-2] ERROR cn.andyoung.logback.controller.Log - error 级别的日志
16:42:02.529 [http-nio-8888-exec-3] WARN  cn.andyoung.logback.controller.Log - warn 级别的日志
16:42:02.529 [http-nio-8888-exec-3] WARN  cn.andyoung.logback.controller.Log - warn 级别的日志
16:42:02.530 [http-nio-8888-exec-3] ERROR cn.andyoung.logback.controller.Log - error 级别的日志
16:42:02.530 [http-nio-8888-exec-3] ERROR cn.andyoung.logback.controller.Log - error 级别的日志
16:42:02.766 [http-nio-8888-exec-4] WARN  cn.andyoung.logback.controller.Log - warn 级别的日志
16:42:02.766 [http-nio-8888-exec-4] WARN  cn.andyoung.logback.controller.Log - warn 级别的日志
16:42:02.767 [http-nio-8888-exec-4] ERROR cn.andyoung.logback.controller.Log - error 级别的日志
16:42:02.767 [http-nio-8888-exec-4] ERROR cn.andyoung.logback.controller.Log - error 级别的日志
16:42:03.210 [http-nio-8888-exec-5] WARN  cn.andyoung.logback.controller.Log - warn 级别的日志
16:42:03.210 [http-nio-8888-exec-5] WARN  cn.andyoung.logback.controller.Log - warn 级别的日志
16:42:03.211 [http-nio-8888-exec-5] ERROR cn.andyoung.logback.controller.Log - error 级别的日志
16:42:03.211 [http-nio-8888-exec-5] ERROR cn.andyoung.logback.controller.Log - error 级别的日志
16:42:03.394 [http-nio-8888-exec-6] WARN  cn.andyoung.logback.controller.Log - warn 级别的日志
16:42:03.394 [http-nio-8888-exec-6] WARN  cn.andyoung.logback.controller.Log - warn 级别的日志
16:42:03.395 [http-nio-8888-exec-6] ERROR cn.andyoung.logback.controller.Log - error 级别的日志
16:42:03.395 [http-nio-8888-exec-6] ERROR cn.andyoung.logback.controller.Log - error 级别的日志
16:42:10.142 [http-nio-8888-exec-7] WARN  cn.andyoung.logback.controller.Log - warn 级别的日志
16:42:10.142 [http-nio-8888-exec-7] WARN  cn.andyoung.logback.controller.Log - warn 级别的日志
16:42:10.143 [http-nio-8888-exec-7] ERROR cn.andyoung.logback.controller.Log - error 级别的日志
16:42:10.143 [http-nio-8888-exec-7] ERROR cn.andyoung.logback.controller.Log - error 级别的日志
16:42:10.812 [http-nio-8888-exec-8] WARN  cn.andyoung.logback.controller.Log - warn 级别的日志
16:42:10.812 [http-nio-8888-exec-8] WARN  cn.andyoung.logback.controller.Log - warn 级别的日志
16:42:10.813 [http-nio-8888-exec-8] ERROR cn.andyoung.logback.controller.Log - error 级别的日志
16:42:10.813 [http-nio-8888-exec-8] ERROR cn.andyoung.logback.controller.Log - error 级别的日志
16:42:11.013 [http-nio-8888-exec-9] WARN  cn.andyoung.logback.controller.Log - warn 级别的日志
16:42:11.013 [http-nio-8888-exec-9] WARN  cn.andyoung.logback.controller.Log - warn 级别的日志
16:42:11.014 [http-nio-8888-exec-9] ERROR cn.andyoung.logback.controller.Log - error 级别的日志
16:42:11.014 [http-nio-8888-exec-9] ERROR cn.andyoung.logback.controller.Log - error 级别的日志
16:42:11.214 [http-nio-8888-exec-10] WARN  cn.andyoung.logback.controller.Log - warn 级别的日志
16:42:11.214 [http-nio-8888-exec-10] WARN  cn.andyoung.logback.controller.Log - warn 级别的日志
16:42:11.214 [http-nio-8888-exec-10] ERROR cn.andyoung.logback.controller.Log - error 级别的日志
16:42:11.214 [http-nio-8888-exec-10] ERROR cn.andyoung.logback.controller.Log - error 级别的日志
16:42:11.434 [http-nio-8888-exec-1] WARN  cn.andyoung.logback.controller.Log - warn 级别的日志
16:42:11.434 [http-nio-8888-exec-1] WARN  cn.andyoung.logback.controller.Log - warn 级别的日志
16:42:11.434 [http-nio-8888-exec-1] ERROR cn.andyoung.logback.controller.Log - error 级别的日志
16:42:11.434 [http-nio-8888-exec-1] ERROR cn.andyoung.logback.controller.Log - error 级别的日志
16:42:11.640 [http-nio-8888-exec-2] WARN  cn.andyoung.logback.controller.Log - warn 级别的日志
16:42:11.640 [http-nio-8888-exec-2] WARN  cn.andyoung.logback.controller.Log - warn 级别的日志
16:42:11.640 [http-nio-8888-exec-2] ERROR cn.andyoung.logback.controller.Log - error 级别的日志
16:42:11.640 [http-nio-8888-exec-2] ERROR cn.andyoung.logback.controller.Log - error 级别的日志
16:42:12.087 [http-nio-8888-exec-3] WARN  cn.andyoung.logback.controller.Log - warn 级别的日志
16:42:12.087 [http-nio-8888-exec-3] WARN  cn.andyoung.logback.controller.Log - warn 级别的日志
16:42:12.087 [http-nio-8888-exec-3] ERROR cn.andyoung.logback.controller.Log - error 级别的日志
16:42:12.087 [http-nio-8888-exec-3] ERROR cn.andyoung.logback.controller.Log - error 级别的日志
16:42:13.254 [http-nio-8888-exec-4] WARN  cn.andyoung.logback.controller.Log - warn 级别的日志
16:42:13.254 [http-nio-8888-exec-4] WARN  cn.andyoung.logback.controller.Log - warn 级别的日志
16:42:13.255 [http-nio-8888-exec-4] ERROR cn.andyoung.logback.controller.Log - error 级别的日志
16:42:13.255 [http-nio-8888-exec-4] ERROR cn.andyoung.logback.controller.Log - error 级别的日志
16:42:13.438 [http-nio-8888-exec-5] WARN  cn.andyoung.logback.controller.Log - warn 级别的日志
16:42:13.438 [http-nio-8888-exec-5] WARN  cn.andyoung.logback.controller.Log - warn 级别的日志
16:42:13.438 [http-nio-8888-exec-5] ERROR cn.andyoung.logback.controller.Log - error 级别的日志
16:42:13.438 [http-nio-8888-exec-5] ERROR cn.andyoung.logback.controller.Log - error 级别的日志
16:42:21.177 [http-nio-8888-exec-6] WARN  cn.andyoung.logback.controller.Log - warn 级别的日志
16:42:21.177 [http-nio-8888-exec-6] WARN  cn.andyoung.logback.controller.Log - warn 级别的日志
16:42:21.177 [http-nio-8888-exec-6] ERROR cn.andyoung.logback.controller.Log - error 级别的日志
16:42:21.177 [http-nio-8888-exec-6] ERROR cn.andyoung.logback.controller.Log - error 级别的日志
16:42:22.243 [http-nio-8888-exec-7] WARN  cn.andyoung.logback.controller.Log - warn 级别的日志
16:42:22.243 [http-nio-8888-exec-7] WARN  cn.andyoung.logback.controller.Log - warn 级别的日志
16:42:22.244 [http-nio-8888-exec-7] ERROR cn.andyoung.logback.controller.Log - error 级别的日志
16:42:22.244 [http-nio-8888-exec-7] ERROR cn.andyoung.logback.controller.Log - error 级别的日志
16:42:22.426 [http-nio-8888-exec-8] WARN  cn.andyoung.logback.controller.Log - warn 级别的日志
16:42:22.426 [http-nio-8888-exec-8] WARN  cn.andyoung.logback.controller.Log - warn 级别的日志
16:42:22.426 [http-nio-8888-exec-8] ERROR cn.andyoung.logback.controller.Log - error 级别的日志
16:42:22.426 [http-nio-8888-exec-8] ERROR cn.andyoung.logback.controller.Log - error 级别的日志
