10:04:50.901 [main] INFO  c.a.d.Druid4mybatisApplication - Starting Druid4mybatisApplication on chenshijiang with PID 7412 (D:\java\notes\springnotes\source\druid4mybatis\target\classes started by admin in D:\java\notes\springnotes\source\druid4mybatis)
10:04:50.905 [main] INFO  c.a.d.Druid4mybatisApplication - No active profile set, falling back to default profiles: default
10:04:52.206 [main] INFO  o.s.b.w.e.tomcat.TomcatWebServer - Tomcat initialized with port(s): 8080 (http)
10:04:52.220 [main] INFO  o.a.coyote.http11.Http11NioProtocol - Initializing ProtocolHandler ["http-nio-8080"]
10:04:52.238 [main] INFO  o.a.catalina.core.StandardService - Starting service [Tomcat]
10:04:52.238 [main] INFO  o.a.catalina.core.StandardEngine - Starting Servlet engine: [Apache Tomcat/9.0.22]
10:04:52.243 [main] INFO  o.a.c.core.AprLifecycleListener - An older version [1.2.18] of the APR based Apache Tomcat Native library is installed, while Tomcat recommends a minimum version of [1.2.23]
10:04:52.244 [main] INFO  o.a.c.core.AprLifecycleListener - Loaded APR based Apache Tomcat Native library [1.2.18] using APR version [1.6.5].
10:04:52.244 [main] INFO  o.a.c.core.AprLifecycleListener - APR capabilities: IPv6 [true], sendfile [true], accept filters [false], random [true].
10:04:52.244 [main] INFO  o.a.c.core.AprLifecycleListener - APR/OpenSSL configuration: useAprConnector [false], useOpenSSL [true]
10:04:52.248 [main] INFO  o.a.c.core.AprLifecycleListener - OpenSSL successfully initialized [OpenSSL 1.1.1  11 Sep 2018]
10:04:52.331 [main] INFO  o.a.c.c.C.[Tomcat].[localhost].[/] - Initializing Spring embedded WebApplicationContext
10:04:52.331 [main] INFO  o.s.web.context.ContextLoader - Root WebApplicationContext: initialization completed in 1284 ms
10:04:52.464 [main] INFO  c.a.d.s.b.a.DruidDataSourceAutoConfigure - Init DruidDataSource
10:04:52.973 [main] INFO  c.alibaba.druid.pool.DruidDataSource - {dataSource-1} inited
10:04:53.183 [main] INFO  o.s.s.c.ThreadPoolTaskExecutor - Initializing ExecutorService 'applicationTaskExecutor'
10:04:53.368 [main] INFO  o.a.coyote.http11.Http11NioProtocol - Starting ProtocolHandler ["http-nio-8080"]
10:04:53.388 [main] INFO  o.s.b.w.e.tomcat.TomcatWebServer - Tomcat started on port(s): 8080 (http) with context path ''
10:04:53.391 [main] INFO  c.a.d.Druid4mybatisApplication - Started Druid4mybatisApplication in 3.153 seconds (JVM running for 3.891)
10:05:04.054 [http-nio-8080-exec-1] INFO  o.a.c.c.C.[Tomcat].[localhost].[/] - Initializing Spring DispatcherServlet 'dispatcherServlet'
10:05:04.054 [http-nio-8080-exec-1] INFO  o.s.web.servlet.DispatcherServlet - Initializing Servlet 'dispatcherServlet'
10:05:04.061 [http-nio-8080-exec-1] INFO  o.s.web.servlet.DispatcherServlet - Completed initialization in 7 ms
10:09:26.785 [main] INFO  c.a.d.Druid4mybatisApplication - Starting Druid4mybatisApplication on chenshijiang with PID 5188 (D:\java\notes\springnotes\source\druid4mybatis\target\classes started by admin in D:\java\notes\springnotes\source\druid4mybatis)
10:09:26.789 [main] INFO  c.a.d.Druid4mybatisApplication - No active profile set, falling back to default profiles: default
10:09:27.961 [main] INFO  o.s.b.w.e.tomcat.TomcatWebServer - Tomcat initialized with port(s): 8080 (http)
10:09:27.974 [main] INFO  o.a.coyote.http11.Http11NioProtocol - Initializing ProtocolHandler ["http-nio-8080"]
10:09:27.981 [main] INFO  o.a.catalina.core.StandardService - Starting service [Tomcat]
10:09:27.982 [main] INFO  o.a.catalina.core.StandardEngine - Starting Servlet engine: [Apache Tomcat/9.0.22]
10:09:27.987 [main] INFO  o.a.c.core.AprLifecycleListener - An older version [1.2.18] of the APR based Apache Tomcat Native library is installed, while Tomcat recommends a minimum version of [1.2.23]
10:09:27.988 [main] INFO  o.a.c.core.AprLifecycleListener - Loaded APR based Apache Tomcat Native library [1.2.18] using APR version [1.6.5].
10:09:27.988 [main] INFO  o.a.c.core.AprLifecycleListener - APR capabilities: IPv6 [true], sendfile [true], accept filters [false], random [true].
10:09:27.988 [main] INFO  o.a.c.core.AprLifecycleListener - APR/OpenSSL configuration: useAprConnector [false], useOpenSSL [true]
10:09:28.011 [main] INFO  o.a.c.core.AprLifecycleListener - OpenSSL successfully initialized [OpenSSL 1.1.1  11 Sep 2018]
10:09:28.107 [main] INFO  o.a.c.c.C.[Tomcat].[localhost].[/] - Initializing Spring embedded WebApplicationContext
10:09:28.107 [main] INFO  o.s.web.context.ContextLoader - Root WebApplicationContext: initialization completed in 1267 ms
10:09:28.292 [main] INFO  c.a.d.s.b.a.DruidDataSourceAutoConfigure - Init DruidDataSource
10:09:28.437 [main] ERROR c.alibaba.druid.filter.FilterManager - load filter error, filter not found : logback
10:09:28.935 [main] INFO  c.alibaba.druid.pool.DruidDataSource - {dataSource-1} inited
10:09:29.139 [main] INFO  o.s.s.c.ThreadPoolTaskExecutor - Initializing ExecutorService 'applicationTaskExecutor'
10:09:29.311 [main] INFO  o.a.coyote.http11.Http11NioProtocol - Starting ProtocolHandler ["http-nio-8080"]
10:09:29.328 [main] INFO  o.s.b.w.e.tomcat.TomcatWebServer - Tomcat started on port(s): 8080 (http) with context path ''
10:09:29.330 [main] INFO  c.a.d.Druid4mybatisApplication - Started Druid4mybatisApplication in 3.099 seconds (JVM running for 3.963)
10:09:41.412 [http-nio-8080-exec-1] INFO  o.a.c.c.C.[Tomcat].[localhost].[/] - Initializing Spring DispatcherServlet 'dispatcherServlet'
10:09:41.412 [http-nio-8080-exec-1] INFO  o.s.web.servlet.DispatcherServlet - Initializing Servlet 'dispatcherServlet'
10:09:41.417 [http-nio-8080-exec-1] INFO  o.s.web.servlet.DispatcherServlet - Completed initialization in 5 ms
10:15:37.335 [main] INFO  c.a.d.Druid4mybatisApplication - Starting Druid4mybatisApplication on chenshijiang with PID 4932 (D:\java\notes\springnotes\source\druid4mybatis\target\classes started by admin in D:\java\notes\springnotes\source\druid4mybatis)
10:15:37.339 [main] INFO  c.a.d.Druid4mybatisApplication - No active profile set, falling back to default profiles: default
10:15:38.557 [main] INFO  o.s.b.w.e.tomcat.TomcatWebServer - Tomcat initialized with port(s): 8080 (http)
10:15:38.567 [main] INFO  o.a.coyote.http11.Http11NioProtocol - Initializing ProtocolHandler ["http-nio-8080"]
10:15:38.589 [main] INFO  o.a.catalina.core.StandardService - Starting service [Tomcat]
10:15:38.589 [main] INFO  o.a.catalina.core.StandardEngine - Starting Servlet engine: [Apache Tomcat/9.0.22]
10:15:38.594 [main] INFO  o.a.c.core.AprLifecycleListener - An older version [1.2.18] of the APR based Apache Tomcat Native library is installed, while Tomcat recommends a minimum version of [1.2.23]
10:15:38.594 [main] INFO  o.a.c.core.AprLifecycleListener - Loaded APR based Apache Tomcat Native library [1.2.18] using APR version [1.6.5].
10:15:38.594 [main] INFO  o.a.c.core.AprLifecycleListener - APR capabilities: IPv6 [true], sendfile [true], accept filters [false], random [true].
10:15:38.594 [main] INFO  o.a.c.core.AprLifecycleListener - APR/OpenSSL configuration: useAprConnector [false], useOpenSSL [true]
10:15:38.600 [main] INFO  o.a.c.core.AprLifecycleListener - OpenSSL successfully initialized [OpenSSL 1.1.1  11 Sep 2018]
10:15:38.730 [main] INFO  o.a.c.c.C.[Tomcat].[localhost].[/] - Initializing Spring embedded WebApplicationContext
10:15:38.730 [main] INFO  o.s.web.context.ContextLoader - Root WebApplicationContext: initialization completed in 1257 ms
10:15:38.874 [main] INFO  c.a.d.s.b.a.DruidDataSourceAutoConfigure - Init DruidDataSource
10:15:38.973 [main] ERROR c.alibaba.druid.filter.FilterManager - load filter error, filter not found : logback
10:15:39.379 [main] INFO  c.alibaba.druid.pool.DruidDataSource - {dataSource-1} inited
10:15:39.579 [main] INFO  o.s.s.c.ThreadPoolTaskExecutor - Initializing ExecutorService 'applicationTaskExecutor'
10:15:39.740 [main] INFO  o.a.coyote.http11.Http11NioProtocol - Starting ProtocolHandler ["http-nio-8080"]
10:15:39.757 [main] INFO  o.s.b.w.e.tomcat.TomcatWebServer - Tomcat started on port(s): 8080 (http) with context path ''
10:15:39.760 [main] INFO  c.a.d.Druid4mybatisApplication - Started Druid4mybatisApplication in 2.907 seconds (JVM running for 3.674)
10:18:15.823 [http-nio-8080-exec-1] INFO  o.a.c.c.C.[Tomcat].[localhost].[/] - Initializing Spring DispatcherServlet 'dispatcherServlet'
10:18:15.823 [http-nio-8080-exec-1] INFO  o.s.web.servlet.DispatcherServlet - Initializing Servlet 'dispatcherServlet'
10:18:15.829 [http-nio-8080-exec-1] INFO  o.s.web.servlet.DispatcherServlet - Completed initialization in 5 ms
